<?xml version="1.0" encoding="UTF-8"?>
<!-- Generated by org.testng.reporters.JUnitXMLReporter -->
<testsuite hostname="DESKTOP-9GU8BET" ignored="0" name="Test" tests="1" failures="1" timestamp="2020-04-07T03:00:09 BDT" time="25.548" errors="0">
  <testcase name="CalculationDemo" time="25.448" classname="com.emi.calculator.EmiCalculator">
    <failure type="java.lang.AssertionError" message="expected [Loan EMI
₹1,99,441] but found [Loan EMI]">
      <![CDATA[java.lang.AssertionError: expected [Loan EMI
₹1,99,441] but found [Loan EMI]
at com.emi.calculator.EmiCalculator.CalculationDemo(EmiCalculator.java:35)
at java.util.ArrayList.forEach(ArrayList.java:1249)
... Removed 32 stack frames]]>
    </failure>
  </testcase> <!-- CalculationDemo -->
</testsuite> <!-- Test -->
